Using pre-set license
Built from '2020.3/release' branch; Version is '2020.3.15f2 (6cf78cb77498) revision 7141260'; Using compiler version '192528614'; Build Type 'Release'
OS: 'Windows 10 Home; OS build 19043.1165; Version 2009; 64bit' Language: 'en' Physical Memory: 16276 MB
BatchMode: 1, IsHumanControllingUs: 0, StartBugReporterOnCrash: 0, Is64bit: 1, IsPro: 0

 COMMAND LINE ARGUMENTS:
C:\Program Files\Unity\Hub\Editor\2020.3.15f2\Editor\Unity.exe
-adb2
-batchMode
-noUpm
-name
AssetImportWorker0
-projectPath
X:/Siddiq/THH/Unity Projects/UnityTUIOListener
-logFile
Logs/AssetImportWorker0.log
-srvPort
51928
Successfully changed project path to: X:/Siddiq/THH/Unity Projects/UnityTUIOListener
X:/Siddiq/THH/Unity Projects/UnityTUIOListener
Using Asset Import Pipeline V2.
Refreshing native plugins compatible for Editor in 37.91 ms, found 2 plugins.
Preloading 0 native plugins for Editor in 0.00 ms.
Initialize engine version: 2020.3.15f2 (6cf78cb77498)
[Subsystems] Discovering subsystems at path C:/Program Files/Unity/Hub/Editor/2020.3.15f2/Editor/Data/Resources/UnitySubsystems
[Subsystems] Discovering subsystems at path X:/Siddiq/THH/Unity Projects/UnityTUIOListener/Assets
GfxDevice: creating device client; threaded=0
Direct3D:
    Version:  Direct3D 11.0 [level 11.1]
    Renderer: NVIDIA GeForce GTX 1060 with Max-Q Design (ID=0x1c20)
    Vendor:   
    VRAM:     6052 MB
    Driver:   27.21.14.5730
Initialize mono
Mono path[0] = 'C:/Program Files/Unity/Hub/Editor/2020.3.15f2/Editor/Data/Managed'
Mono path[1] = 'C:/Program Files/Unity/Hub/Editor/2020.3.15f2/Editor/Data/MonoBleedingEdge/lib/mono/unityjit'
Mono config path = 'C:/Program Files/Unity/Hub/Editor/2020.3.15f2/Editor/Data/MonoBleedingEdge/etc'
Using monoOptions --debugger-agent=transport=dt_socket,embedding=1,server=y,suspend=n,address=127.0.0.1:56168
Begin MonoManager ReloadAssembly
Registering precompiled unity dll's ...
Register platform support module: C:/Program Files/Unity/Hub/Editor/2020.3.15f2/Editor/Data/PlaybackEngines/WebGLSupport/UnityEditor.WebGL.Extensions.dll
Register platform support module: C:/Program Files/Unity/Hub/Editor/2020.3.15f2/Editor/Data/PlaybackEngines/WindowsStandaloneSupport/UnityEditor.WindowsStandalone.Extensions.dll
Registered in 0.002905 seconds.
Native extension for WindowsStandalone target not found
Native extension for WebGL target not found
Refreshing native plugins compatible for Editor in 29.16 ms, found 2 plugins.
Preloading 0 native plugins for Editor in 0.00 ms.
Mono: successfully reloaded assembly
- Completed reload, in  1.213 seconds
Domain Reload Profiling:
	ReloadAssembly (1213ms)
		BeginReloadAssembly (63ms)
			ExecutionOrderSort (0ms)
			DisableScriptedObjects (0ms)
			BackupInstance (0ms)
			ReleaseScriptingObjects (0ms)
			CreateAndSetChildDomain (1ms)
		EndReloadAssembly (443ms)
			LoadAssemblies (61ms)
			RebuildTransferFunctionScriptingTraits (0ms)
			SetupTypeCache (174ms)
			ReleaseScriptCaches (0ms)
			RebuildScriptCaches (32ms)
			SetupLoadedEditorAssemblies (164ms)
				LogAssemblyErrors (0ms)
				InitializePlatformSupportModulesInManaged (5ms)
				SetLoadedEditorAssemblies (0ms)
				RefreshPlugins (29ms)
				BeforeProcessingInitializeOnLoad (15ms)
				ProcessInitializeOnLoadAttributes (82ms)
				ProcessInitializeOnLoadMethodAttributes (33ms)
				AfterProcessingInitializeOnLoad (0ms)
				EditorAssembliesLoaded (0ms)
			ExecutionOrderSort2 (0ms)
			AwakeInstancesAfterBackupRestoration (0ms)
Platform modules already initialized, skipping
Registering precompiled user dll's ...
Registered in 0.002859 seconds.
Begin MonoManager ReloadAssembly
Native extension for WindowsStandalone target not found
Native extension for WebGL target not found
Refreshing native plugins compatible for Editor in 0.33 ms, found 2 plugins.
Preloading 0 native plugins for Editor in 0.00 ms.
Mono: successfully reloaded assembly
- Completed reload, in  1.183 seconds
Domain Reload Profiling:
	ReloadAssembly (1184ms)
		BeginReloadAssembly (155ms)
			ExecutionOrderSort (0ms)
			DisableScriptedObjects (4ms)
			BackupInstance (0ms)
			ReleaseScriptingObjects (0ms)
			CreateAndSetChildDomain (20ms)
		EndReloadAssembly (969ms)
			LoadAssemblies (89ms)
			RebuildTransferFunctionScriptingTraits (0ms)
			SetupTypeCache (291ms)
			ReleaseScriptCaches (0ms)
			RebuildScriptCaches (85ms)
			SetupLoadedEditorAssemblies (410ms)
				LogAssemblyErrors (0ms)
				InitializePlatformSupportModulesInManaged (6ms)
				SetLoadedEditorAssemblies (1ms)
				RefreshPlugins (0ms)
				BeforeProcessingInitializeOnLoad (87ms)
				ProcessInitializeOnLoadAttributes (303ms)
				ProcessInitializeOnLoadMethodAttributes (4ms)
				AfterProcessingInitializeOnLoad (8ms)
				EditorAssembliesLoaded (0ms)
			ExecutionOrderSort2 (0ms)
			AwakeInstancesAfterBackupRestoration (6ms)
Platform modules already initialized, skipping
========================================================================
Worker process is ready to serve import requests
Launched and connected shader compiler UnityShaderCompiler.exe after 0.05 seconds
Refreshing native plugins compatible for Editor in 0.32 ms, found 2 plugins.
Preloading 0 native plugins for Editor in 0.00 ms.
Unloading 1425 Unused Serialized files (Serialized files now loaded: 0)
System memory in use before: 65.9 MB.
System memory in use after: 65.9 MB.

Unloading 21 unused Assets to reduce memory usage. Loaded Objects now: 1857.
Total: 2.557500 ms (FindLiveObjects: 0.148300 ms CreateObjectMapping: 0.042300 ms MarkObjects: 2.261100 ms  DeleteObjects: 0.104900 ms)

AssetImportParameters requested are different than current active one (requested -> active):
  custom:framework-win-MediaFoundation: 216162199b28c13a410421893ffa2e32 -> 
  custom:video-decoder-ogg-theora: a1e56fd34408186e4bbccfd4996cb3dc -> 
  custom:container-muxer-webm: aa71ff27fc2769a1b78a27578f13a17b -> 
  custom:container-demuxer-webm: 4f35f7cbe854078d1ac9338744f61a02 -> 
  custom:container-demuxer-ogg: 62fdf1f143b41e24485cea50d1cbac27 -> 
  custom:video-encoder-webm-vp8: eb34c28f22e8b96e1ab97ce403110664 -> 
  custom:video-decoder-webm-vp8: 9c59270c3fd7afecdb556c50c9e8de78 -> 
  custom:audio-decoder-ogg-vorbis: bf7c407c2cedff20999df2af8eb42d56 -> 
  custom:audio-encoder-webm-vorbis: bf7c407c2cedff20999df2af8eb42d56 -> 
========================================================================
Received Import Request.
  path: Assets/Prefab/New Prefab.prefab
  artifactKey: Guid(0bc393cf4c0de9048820c29db87f2256) Importer(815301076,1909f56bfc062723c751e8b465ee728b)
Start importing Assets/Prefab/New Prefab.prefab using Guid(0bc393cf4c0de9048820c29db87f2256) Importer(815301076,1909f56bfc062723c751e8b465ee728b)  -> (artifact id: 'a0b09c488dd00407404d0b4af0fc391a') in 0.042231 seconds 
  Import took 0.050035 seconds .

========================================================================
Received Import Request.
  Time since last request: 23.768826 seconds.
  path: Assets/Prefab/Tracker.prefab
  artifactKey: Guid(0bc393cf4c0de9048820c29db87f2256) Importer(815301076,1909f56bfc062723c751e8b465ee728b)
Start importing Assets/Prefab/Tracker.prefab using Guid(0bc393cf4c0de9048820c29db87f2256) Importer(815301076,1909f56bfc062723c751e8b465ee728b)  -> (artifact id: 'ee73c2e3032d2e52e065666a3f372d0b') in 0.003655 seconds 
  Import took 0.007243 seconds .

========================================================================
Received Import Request.
  Time since last request: 11.351897 seconds.
  path: Assets/Prefab/Tracker.prefab
  artifactKey: Guid(0bc393cf4c0de9048820c29db87f2256) Importer(815301076,1909f56bfc062723c751e8b465ee728b)
Start importing Assets/Prefab/Tracker.prefab using Guid(0bc393cf4c0de9048820c29db87f2256) Importer(815301076,1909f56bfc062723c751e8b465ee728b)  -> (artifact id: '5953b120ef903041c58d4d01d70eafa5') in 0.073091 seconds 
  Import took 0.075745 seconds .

========================================================================
Received Import Request.
  Time since last request: 52.486401 seconds.
  path: Assets/Prefab/Tracker.prefab
  artifactKey: Guid(0bc393cf4c0de9048820c29db87f2256) Importer(815301076,1909f56bfc062723c751e8b465ee728b)
Start importing Assets/Prefab/Tracker.prefab using Guid(0bc393cf4c0de9048820c29db87f2256) Importer(815301076,1909f56bfc062723c751e8b465ee728b)  -> (artifact id: 'cfa7eb1560b7cf4e4ef8feef6445aa43') in 0.010102 seconds 
  Import took 0.013643 seconds .

========================================================================
Received Prepare
Registering precompiled user dll's ...
Registered in 0.004450 seconds.
Begin MonoManager ReloadAssembly
Native extension for WindowsStandalone target not found
Native extension for WebGL target not found
Refreshing native plugins compatible for Editor in 0.57 ms, found 2 plugins.
Preloading 0 native plugins for Editor in 0.00 ms.
Mono: successfully reloaded assembly
- Completed reload, in  1.235 seconds
Domain Reload Profiling:
	ReloadAssembly (1235ms)
		BeginReloadAssembly (137ms)
			ExecutionOrderSort (0ms)
			DisableScriptedObjects (4ms)
			BackupInstance (0ms)
			ReleaseScriptingObjects (0ms)
			CreateAndSetChildDomain (36ms)
		EndReloadAssembly (1021ms)
			LoadAssemblies (107ms)
			RebuildTransferFunctionScriptingTraits (0ms)
			SetupTypeCache (332ms)
			ReleaseScriptCaches (2ms)
			RebuildScriptCaches (65ms)
			SetupLoadedEditorAssemblies (411ms)
				LogAssemblyErrors (0ms)
				InitializePlatformSupportModulesInManaged (13ms)
				SetLoadedEditorAssemblies (1ms)
				RefreshPlugins (1ms)
				BeforeProcessingInitializeOnLoad (99ms)
				ProcessInitializeOnLoadAttributes (284ms)
				ProcessInitializeOnLoadMethodAttributes (4ms)
				AfterProcessingInitializeOnLoad (9ms)
				EditorAssembliesLoaded (0ms)
			ExecutionOrderSort2 (0ms)
			AwakeInstancesAfterBackupRestoration (6ms)
Platform modules already initialized, skipping
Refreshing native plugins compatible for Editor in 0.35 ms, found 2 plugins.
Preloading 0 native plugins for Editor in 0.00 ms.
Unloading 1420 Unused Serialized files (Serialized files now loaded: 0)
System memory in use before: 69.0 MB.
System memory in use after: 69.1 MB.

Unloading 17 unused Assets to reduce memory usage. Loaded Objects now: 1868.
Total: 2.582500 ms (FindLiveObjects: 0.144600 ms CreateObjectMapping: 0.039300 ms MarkObjects: 2.376200 ms  DeleteObjects: 0.021600 ms)

AssetImportParameters requested are different than current active one (requested -> active):
  custom:framework-win-MediaFoundation: 216162199b28c13a410421893ffa2e32 -> 
  custom:video-decoder-ogg-theora: a1e56fd34408186e4bbccfd4996cb3dc -> 
  custom:container-muxer-webm: aa71ff27fc2769a1b78a27578f13a17b -> 
  custom:container-demuxer-webm: 4f35f7cbe854078d1ac9338744f61a02 -> 
  custom:container-demuxer-ogg: 62fdf1f143b41e24485cea50d1cbac27 -> 
  custom:video-encoder-webm-vp8: eb34c28f22e8b96e1ab97ce403110664 -> 
  custom:video-decoder-webm-vp8: 9c59270c3fd7afecdb556c50c9e8de78 -> 
  custom:audio-decoder-ogg-vorbis: bf7c407c2cedff20999df2af8eb42d56 -> 
  custom:audio-encoder-webm-vorbis: bf7c407c2cedff20999df2af8eb42d56 -> 
========================================================================
Received Import Request.
  Time since last request: 82.209907 seconds.
  path: Assets/Scripts/viewRenderer.cs
  artifactKey: Guid(ca37e9a3c8eaa654d93c2a963b371a4d) Importer(815301076,1909f56bfc062723c751e8b465ee728b)
Start importing Assets/Scripts/viewRenderer.cs using Guid(ca37e9a3c8eaa654d93c2a963b371a4d) Importer(815301076,1909f56bfc062723c751e8b465ee728b)  -> (artifact id: 'f9ab4291a503cfb6d72d5f8c834ab5d6') in 0.012307 seconds 
  Import took 0.016140 seconds .

========================================================================
Received Prepare
Registering precompiled user dll's ...
Registered in 0.003953 seconds.
Begin MonoManager ReloadAssembly
Native extension for WindowsStandalone target not found
Native extension for WebGL target not found
Refreshing native plugins compatible for Editor in 0.34 ms, found 2 plugins.
Preloading 0 native plugins for Editor in 0.00 ms.
Mono: successfully reloaded assembly
- Completed reload, in  1.230 seconds
Domain Reload Profiling:
	ReloadAssembly (1230ms)
		BeginReloadAssembly (147ms)
			ExecutionOrderSort (0ms)
			DisableScriptedObjects (7ms)
			BackupInstance (0ms)
			ReleaseScriptingObjects (0ms)
			CreateAndSetChildDomain (51ms)
		EndReloadAssembly (1001ms)
			LoadAssemblies (99ms)
			RebuildTransferFunctionScriptingTraits (0ms)
			SetupTypeCache (336ms)
			ReleaseScriptCaches (2ms)
			RebuildScriptCaches (52ms)
			SetupLoadedEditorAssemblies (403ms)
				LogAssemblyErrors (0ms)
				InitializePlatformSupportModulesInManaged (8ms)
				SetLoadedEditorAssemblies (0ms)
				RefreshPlugins (0ms)
				BeforeProcessingInitializeOnLoad (96ms)
				ProcessInitializeOnLoadAttributes (286ms)
				ProcessInitializeOnLoadMethodAttributes (4ms)
				AfterProcessingInitializeOnLoad (8ms)
				EditorAssembliesLoaded (0ms)
			ExecutionOrderSort2 (0ms)
			AwakeInstancesAfterBackupRestoration (6ms)
Platform modules already initialized, skipping
Refreshing native plugins compatible for Editor in 0.38 ms, found 2 plugins.
Preloading 0 native plugins for Editor in 0.00 ms.
Unloading 1467 Unused Serialized files (Serialized files now loaded: 0)
System memory in use before: 72.1 MB.
System memory in use after: 71.5 MB.

Unloading 29 unused Assets to reduce memory usage. Loaded Objects now: 1905.
Total: 4.875600 ms (FindLiveObjects: 0.195000 ms CreateObjectMapping: 0.048600 ms MarkObjects: 3.951400 ms  DeleteObjects: 0.679300 ms)

AssetImportParameters requested are different than current active one (requested -> active):
  custom:framework-win-MediaFoundation: 216162199b28c13a410421893ffa2e32 -> 
  custom:video-decoder-ogg-theora: a1e56fd34408186e4bbccfd4996cb3dc -> 
  custom:container-muxer-webm: aa71ff27fc2769a1b78a27578f13a17b -> 
  custom:container-demuxer-webm: 4f35f7cbe854078d1ac9338744f61a02 -> 
  custom:container-demuxer-ogg: 62fdf1f143b41e24485cea50d1cbac27 -> 
  custom:video-encoder-webm-vp8: eb34c28f22e8b96e1ab97ce403110664 -> 
  custom:video-decoder-webm-vp8: 9c59270c3fd7afecdb556c50c9e8de78 -> 
  custom:audio-decoder-ogg-vorbis: bf7c407c2cedff20999df2af8eb42d56 -> 
  custom:audio-encoder-webm-vorbis: bf7c407c2cedff20999df2af8eb42d56 -> 
========================================================================
Received Import Request.
  Time since last request: 40.484785 seconds.
  path: Assets/Prefab/MainTracker.prefab
  artifactKey: Guid(d42a15ab927b8694ea936784378877df) Importer(815301076,1909f56bfc062723c751e8b465ee728b)
Start importing Assets/Prefab/MainTracker.prefab using Guid(d42a15ab927b8694ea936784378877df) Importer(815301076,1909f56bfc062723c751e8b465ee728b)  -> (artifact id: 'ebce4b5b39d43fdabd29023c7461761d') in 0.140439 seconds 
  Import took 0.143543 seconds .

========================================================================
Received Import Request.
  Time since last request: 5.711862 seconds.
  path: Assets/Prefab/MainTracker.prefab
  artifactKey: Guid(d42a15ab927b8694ea936784378877df) Importer(815301076,1909f56bfc062723c751e8b465ee728b)
Start importing Assets/Prefab/MainTracker.prefab using Guid(d42a15ab927b8694ea936784378877df) Importer(815301076,1909f56bfc062723c751e8b465ee728b)  -> (artifact id: '60c19d9cc2add436430b58e9714fdd4c') in 0.039983 seconds 
  Import took 0.044176 seconds .

========================================================================
Received Import Request.
  Time since last request: 4.941037 seconds.
  path: Assets/Prefab/MainTracker.prefab
  artifactKey: Guid(d42a15ab927b8694ea936784378877df) Importer(815301076,1909f56bfc062723c751e8b465ee728b)
Start importing Assets/Prefab/MainTracker.prefab using Guid(d42a15ab927b8694ea936784378877df) Importer(815301076,1909f56bfc062723c751e8b465ee728b)  -> (artifact id: '9952ac9e65dbe32c484e52481d0c1909') in 0.038432 seconds 
  Import took 0.042135 seconds .

========================================================================
Received Import Request.
  Time since last request: 6.607610 seconds.
  path: Assets/Prefab/MainTracker.prefab
  artifactKey: Guid(d42a15ab927b8694ea936784378877df) Importer(815301076,1909f56bfc062723c751e8b465ee728b)
Start importing Assets/Prefab/MainTracker.prefab using Guid(d42a15ab927b8694ea936784378877df) Importer(815301076,1909f56bfc062723c751e8b465ee728b)  -> (artifact id: 'e2a86c464ccff1593bd0b33be78fdc04') in 0.032623 seconds 
  Import took 0.035571 seconds .

========================================================================
Received Prepare
Registering precompiled user dll's ...
Registered in 0.003984 seconds.
Begin MonoManager ReloadAssembly
Native extension for WindowsStandalone target not found
Native extension for WebGL target not found
Refreshing native plugins compatible for Editor in 0.35 ms, found 2 plugins.
Preloading 0 native plugins for Editor in 0.00 ms.
Mono: successfully reloaded assembly
- Completed reload, in  1.204 seconds
Domain Reload Profiling:
	ReloadAssembly (1204ms)
		BeginReloadAssembly (131ms)
			ExecutionOrderSort (0ms)
			DisableScriptedObjects (5ms)
			BackupInstance (0ms)
			ReleaseScriptingObjects (0ms)
			CreateAndSetChildDomain (38ms)
		EndReloadAssembly (993ms)
			LoadAssemblies (98ms)
			RebuildTransferFunctionScriptingTraits (0ms)
			SetupTypeCache (324ms)
			ReleaseScriptCaches (1ms)
			RebuildScriptCaches (48ms)
			SetupLoadedEditorAssemblies (414ms)
				LogAssemblyErrors (0ms)
				InitializePlatformSupportModulesInManaged (8ms)
				SetLoadedEditorAssemblies (0ms)
				RefreshPlugins (0ms)
				BeforeProcessingInitializeOnLoad (92ms)
				ProcessInitializeOnLoadAttributes (302ms)
				ProcessInitializeOnLoadMethodAttributes (4ms)
				AfterProcessingInitializeOnLoad (8ms)
				EditorAssembliesLoaded (0ms)
			ExecutionOrderSort2 (0ms)
			AwakeInstancesAfterBackupRestoration (7ms)
Platform modules already initialized, skipping
Refreshing native plugins compatible for Editor in 0.39 ms, found 2 plugins.
Preloading 0 native plugins for Editor in 0.00 ms.
Unloading 1467 Unused Serialized files (Serialized files now loaded: 0)
System memory in use before: 72.3 MB.
System memory in use after: 71.7 MB.

Unloading 31 unused Assets to reduce memory usage. Loaded Objects now: 1910.
Total: 3.255200 ms (FindLiveObjects: 0.151500 ms CreateObjectMapping: 0.042000 ms MarkObjects: 2.579000 ms  DeleteObjects: 0.481900 ms)

AssetImportParameters requested are different than current active one (requested -> active):
  custom:framework-win-MediaFoundation: 216162199b28c13a410421893ffa2e32 -> 
  custom:video-decoder-ogg-theora: a1e56fd34408186e4bbccfd4996cb3dc -> 
  custom:container-muxer-webm: aa71ff27fc2769a1b78a27578f13a17b -> 
  custom:container-demuxer-webm: 4f35f7cbe854078d1ac9338744f61a02 -> 
  custom:container-demuxer-ogg: 62fdf1f143b41e24485cea50d1cbac27 -> 
  custom:video-encoder-webm-vp8: eb34c28f22e8b96e1ab97ce403110664 -> 
  custom:video-decoder-webm-vp8: 9c59270c3fd7afecdb556c50c9e8de78 -> 
  custom:audio-decoder-ogg-vorbis: bf7c407c2cedff20999df2af8eb42d56 -> 
  custom:audio-encoder-webm-vorbis: bf7c407c2cedff20999df2af8eb42d56 -> 
========================================================================
Received Import Request.
  Time since last request: 66.084502 seconds.
  path: Assets/Prefab/MainTracker.prefab
  artifactKey: Guid(d42a15ab927b8694ea936784378877df) Importer(815301076,1909f56bfc062723c751e8b465ee728b)
Start importing Assets/Prefab/MainTracker.prefab using Guid(d42a15ab927b8694ea936784378877df) Importer(815301076,1909f56bfc062723c751e8b465ee728b)  -> (artifact id: '8ad0d8796bcbf239a7c672796e7c7947') in 0.123489 seconds 
  Import took 0.126235 seconds .

========================================================================
Received Prepare
Registering precompiled user dll's ...
Registered in 0.003387 seconds.
Begin MonoManager ReloadAssembly
Native extension for WindowsStandalone target not found
Native extension for WebGL target not found
Refreshing native plugins compatible for Editor in 0.65 ms, found 2 plugins.
Preloading 0 native plugins for Editor in 0.00 ms.
Mono: successfully reloaded assembly
- Completed reload, in  1.177 seconds
Domain Reload Profiling:
	ReloadAssembly (1178ms)
		BeginReloadAssembly (119ms)
			ExecutionOrderSort (0ms)
			DisableScriptedObjects (5ms)
			BackupInstance (0ms)
			ReleaseScriptingObjects (0ms)
			CreateAndSetChildDomain (34ms)
		EndReloadAssembly (990ms)
			LoadAssemblies (96ms)
			RebuildTransferFunctionScriptingTraits (0ms)
			SetupTypeCache (317ms)
			ReleaseScriptCaches (1ms)
			RebuildScriptCaches (45ms)
			SetupLoadedEditorAssemblies (410ms)
				LogAssemblyErrors (0ms)
				InitializePlatformSupportModulesInManaged (8ms)
				SetLoadedEditorAssemblies (1ms)
				RefreshPlugins (1ms)
				BeforeProcessingInitializeOnLoad (91ms)
				ProcessInitializeOnLoadAttributes (298ms)
				ProcessInitializeOnLoadMethodAttributes (3ms)
				AfterProcessingInitializeOnLoad (8ms)
				EditorAssembliesLoaded (0ms)
			ExecutionOrderSort2 (0ms)
			AwakeInstancesAfterBackupRestoration (7ms)
Platform modules already initialized, skipping
Refreshing native plugins compatible for Editor in 0.36 ms, found 2 plugins.
Preloading 0 native plugins for Editor in 0.00 ms.
Unloading 1467 Unused Serialized files (Serialized files now loaded: 0)
System memory in use before: 72.3 MB.
System memory in use after: 71.8 MB.

Unloading 31 unused Assets to reduce memory usage. Loaded Objects now: 1914.
Total: 3.186700 ms (FindLiveObjects: 0.150200 ms CreateObjectMapping: 0.039000 ms MarkObjects: 2.552700 ms  DeleteObjects: 0.443600 ms)

AssetImportParameters requested are different than current active one (requested -> active):
  custom:framework-win-MediaFoundation: 216162199b28c13a410421893ffa2e32 -> 
  custom:video-decoder-ogg-theora: a1e56fd34408186e4bbccfd4996cb3dc -> 
  custom:container-muxer-webm: aa71ff27fc2769a1b78a27578f13a17b -> 
  custom:container-demuxer-webm: 4f35f7cbe854078d1ac9338744f61a02 -> 
  custom:container-demuxer-ogg: 62fdf1f143b41e24485cea50d1cbac27 -> 
  custom:video-encoder-webm-vp8: eb34c28f22e8b96e1ab97ce403110664 -> 
  custom:video-decoder-webm-vp8: 9c59270c3fd7afecdb556c50c9e8de78 -> 
  custom:audio-decoder-ogg-vorbis: bf7c407c2cedff20999df2af8eb42d56 -> 
  custom:audio-encoder-webm-vorbis: bf7c407c2cedff20999df2af8eb42d56 -> 
========================================================================
Received Import Request.
  Time since last request: 23.528689 seconds.
  path: Assets/Prefab/MainTracker.prefab
  artifactKey: Guid(d42a15ab927b8694ea936784378877df) Importer(815301076,1909f56bfc062723c751e8b465ee728b)
Start importing Assets/Prefab/MainTracker.prefab using Guid(d42a15ab927b8694ea936784378877df) Importer(815301076,1909f56bfc062723c751e8b465ee728b)  -> (artifact id: '8af2bdc8b0dc57e8b2330fe6f2809ad3') in 0.126500 seconds 
  Import took 0.130534 seconds .

========================================================================
Received Import Request.
  Time since last request: 2.349723 seconds.
  path: Assets/Prefab/MainTracker.prefab
  artifactKey: Guid(d42a15ab927b8694ea936784378877df) Importer(815301076,1909f56bfc062723c751e8b465ee728b)
Start importing Assets/Prefab/MainTracker.prefab using Guid(d42a15ab927b8694ea936784378877df) Importer(815301076,1909f56bfc062723c751e8b465ee728b)  -> (artifact id: 'c1f530463a8c22fa28d8497c480dfe90') in 0.045044 seconds 
  Import took 0.049723 seconds .

========================================================================
Received Import Request.
  Time since last request: 2.353057 seconds.
  path: Assets/Prefab/MainTracker.prefab
  artifactKey: Guid(d42a15ab927b8694ea936784378877df) Importer(815301076,1909f56bfc062723c751e8b465ee728b)
Start importing Assets/Prefab/MainTracker.prefab using Guid(d42a15ab927b8694ea936784378877df) Importer(815301076,1909f56bfc062723c751e8b465ee728b)  -> (artifact id: 'c93e010b74707afe852e14e9dcf04e4b') in 0.035813 seconds 
  Import took 0.038968 seconds .

========================================================================
Received Import Request.
  Time since last request: 1.204297 seconds.
  path: Assets/Prefab/MainTracker.prefab
  artifactKey: Guid(d42a15ab927b8694ea936784378877df) Importer(815301076,1909f56bfc062723c751e8b465ee728b)
Start importing Assets/Prefab/MainTracker.prefab using Guid(d42a15ab927b8694ea936784378877df) Importer(815301076,1909f56bfc062723c751e8b465ee728b)  -> (artifact id: '0e5c6ec6c1ede49bc68dbb1597fa1bd4') in 0.037860 seconds 
  Import took 0.043846 seconds .

========================================================================
Received Import Request.
  Time since last request: 1.395591 seconds.
  path: Assets/Prefab/MainTracker.prefab
  artifactKey: Guid(d42a15ab927b8694ea936784378877df) Importer(815301076,1909f56bfc062723c751e8b465ee728b)
Start importing Assets/Prefab/MainTracker.prefab using Guid(d42a15ab927b8694ea936784378877df) Importer(815301076,1909f56bfc062723c751e8b465ee728b)  -> (artifact id: '0fcf937a70d91e82fb3f8054a57e9fbf') in 0.040992 seconds 
  Import took 0.046355 seconds .

========================================================================
Received Import Request.
  Time since last request: 1.349446 seconds.
  path: Assets/Prefab/MainTracker.prefab
  artifactKey: Guid(d42a15ab927b8694ea936784378877df) Importer(815301076,1909f56bfc062723c751e8b465ee728b)
Start importing Assets/Prefab/MainTracker.prefab using Guid(d42a15ab927b8694ea936784378877df) Importer(815301076,1909f56bfc062723c751e8b465ee728b)  -> (artifact id: '773eda3f8c9ffe6c7d70119f8904f523') in 0.035617 seconds 
  Import took 0.039652 seconds .

========================================================================
Received Import Request.
  Time since last request: 2.429139 seconds.
  path: Assets/Prefab/MainTracker.prefab
  artifactKey: Guid(d42a15ab927b8694ea936784378877df) Importer(815301076,1909f56bfc062723c751e8b465ee728b)
Start importing Assets/Prefab/MainTracker.prefab using Guid(d42a15ab927b8694ea936784378877df) Importer(815301076,1909f56bfc062723c751e8b465ee728b)  -> (artifact id: '6cfdc860c8a9dda30a3b7965236cc942') in 0.040984 seconds 
  Import took 0.044230 seconds .

========================================================================
Received Import Request.
  Time since last request: 1.412872 seconds.
  path: Assets/Prefab/MainTracker.prefab
  artifactKey: Guid(d42a15ab927b8694ea936784378877df) Importer(815301076,1909f56bfc062723c751e8b465ee728b)
Start importing Assets/Prefab/MainTracker.prefab using Guid(d42a15ab927b8694ea936784378877df) Importer(815301076,1909f56bfc062723c751e8b465ee728b)  -> (artifact id: '59658ec944937b07fd8e6a1d7b4a3f37') in 0.040493 seconds 
  Import took 0.044026 seconds .

========================================================================
Received Import Request.
  Time since last request: 1.997196 seconds.
  path: Assets/Prefab/MainTracker.prefab
  artifactKey: Guid(d42a15ab927b8694ea936784378877df) Importer(815301076,1909f56bfc062723c751e8b465ee728b)
Start importing Assets/Prefab/MainTracker.prefab using Guid(d42a15ab927b8694ea936784378877df) Importer(815301076,1909f56bfc062723c751e8b465ee728b)  -> (artifact id: 'a9094ceb84d1224b56bdfcf673f82241') in 0.046512 seconds 
  Import took 0.050392 seconds .

========================================================================
Received Import Request.
  Time since last request: 1.564950 seconds.
  path: Assets/Prefab/MainTracker.prefab
  artifactKey: Guid(d42a15ab927b8694ea936784378877df) Importer(815301076,1909f56bfc062723c751e8b465ee728b)
Start importing Assets/Prefab/MainTracker.prefab using Guid(d42a15ab927b8694ea936784378877df) Importer(815301076,1909f56bfc062723c751e8b465ee728b)  -> (artifact id: '390f1b32b1d86e1f29bf7be87c6f5988') in 0.051386 seconds 
  Import took 0.055844 seconds .

========================================================================
Received Import Request.
  Time since last request: 2.621219 seconds.
  path: Assets/Prefab/MainTracker.prefab
  artifactKey: Guid(d42a15ab927b8694ea936784378877df) Importer(815301076,1909f56bfc062723c751e8b465ee728b)
Start importing Assets/Prefab/MainTracker.prefab using Guid(d42a15ab927b8694ea936784378877df) Importer(815301076,1909f56bfc062723c751e8b465ee728b)  -> (artifact id: 'ffee156c3c314bbf72f1462d682f11fa') in 0.036673 seconds 
  Import took 0.039950 seconds .

========================================================================
Received Import Request.
  Time since last request: 2.816743 seconds.
  path: Assets/Prefab/MainTracker.prefab
  artifactKey: Guid(d42a15ab927b8694ea936784378877df) Importer(815301076,1909f56bfc062723c751e8b465ee728b)
Start importing Assets/Prefab/MainTracker.prefab using Guid(d42a15ab927b8694ea936784378877df) Importer(815301076,1909f56bfc062723c751e8b465ee728b)  -> (artifact id: 'f40b7b535979f69b95f4a90682ef6c3a') in 0.040486 seconds 
  Import took 0.044561 seconds .

========================================================================
Received Import Request.
  Time since last request: 1.558230 seconds.
  path: Assets/Prefab/MainTracker.prefab
  artifactKey: Guid(d42a15ab927b8694ea936784378877df) Importer(815301076,1909f56bfc062723c751e8b465ee728b)
Start importing Assets/Prefab/MainTracker.prefab using Guid(d42a15ab927b8694ea936784378877df) Importer(815301076,1909f56bfc062723c751e8b465ee728b)  -> (artifact id: 'ebf6fd2bac07d1f3320a9392bef5ba36') in 0.037609 seconds 
  Import took 0.040623 seconds .

========================================================================
Received Import Request.
  Time since last request: 1.580135 seconds.
  path: Assets/Prefab/MainTracker.prefab
  artifactKey: Guid(d42a15ab927b8694ea936784378877df) Importer(815301076,1909f56bfc062723c751e8b465ee728b)
Start importing Assets/Prefab/MainTracker.prefab using Guid(d42a15ab927b8694ea936784378877df) Importer(815301076,1909f56bfc062723c751e8b465ee728b)  -> (artifact id: '9257ecf7a5742139706a80b1df445a45') in 0.042590 seconds 
  Import took 0.046768 seconds .

========================================================================
Received Prepare
Registering precompiled user dll's ...
Registered in 0.004412 seconds.
Begin MonoManager ReloadAssembly
Native extension for WindowsStandalone target not found
Native extension for WebGL target not found
Refreshing native plugins compatible for Editor in 0.38 ms, found 2 plugins.
Preloading 0 native plugins for Editor in 0.00 ms.
Mono: successfully reloaded assembly
- Completed reload, in  1.193 seconds
Domain Reload Profiling:
	ReloadAssembly (1193ms)
		BeginReloadAssembly (144ms)
			ExecutionOrderSort (0ms)
			DisableScriptedObjects (5ms)
			BackupInstance (0ms)
			ReleaseScriptingObjects (0ms)
			CreateAndSetChildDomain (44ms)
		EndReloadAssembly (971ms)
			LoadAssemblies (107ms)
			RebuildTransferFunctionScriptingTraits (0ms)
			SetupTypeCache (310ms)
			ReleaseScriptCaches (1ms)
			RebuildScriptCaches (51ms)
			SetupLoadedEditorAssemblies (404ms)
				LogAssemblyErrors (0ms)
				InitializePlatformSupportModulesInManaged (7ms)
				SetLoadedEditorAssemblies (1ms)
				RefreshPlugins (0ms)
				BeforeProcessingInitializeOnLoad (104ms)
				ProcessInitializeOnLoadAttributes (281ms)
				ProcessInitializeOnLoadMethodAttributes (3ms)
				AfterProcessingInitializeOnLoad (8ms)
				EditorAssembliesLoaded (0ms)
			ExecutionOrderSort2 (0ms)
			AwakeInstancesAfterBackupRestoration (6ms)
Platform modules already initialized, skipping
Refreshing native plugins compatible for Editor in 0.39 ms, found 2 plugins.
Preloading 0 native plugins for Editor in 0.00 ms.
Unloading 1467 Unused Serialized files (Serialized files now loaded: 0)
System memory in use before: 72.3 MB.
System memory in use after: 71.8 MB.

Unloading 31 unused Assets to reduce memory usage. Loaded Objects now: 1918.
Total: 3.045600 ms (FindLiveObjects: 0.138300 ms CreateObjectMapping: 0.044700 ms MarkObjects: 2.510700 ms  DeleteObjects: 0.350700 ms)

AssetImportParameters requested are different than current active one (requested -> active):
  custom:framework-win-MediaFoundation: 216162199b28c13a410421893ffa2e32 -> 
  custom:video-decoder-ogg-theora: a1e56fd34408186e4bbccfd4996cb3dc -> 
  custom:container-muxer-webm: aa71ff27fc2769a1b78a27578f13a17b -> 
  custom:container-demuxer-webm: 4f35f7cbe854078d1ac9338744f61a02 -> 
  custom:container-demuxer-ogg: 62fdf1f143b41e24485cea50d1cbac27 -> 
  custom:video-encoder-webm-vp8: eb34c28f22e8b96e1ab97ce403110664 -> 
  custom:video-decoder-webm-vp8: 9c59270c3fd7afecdb556c50c9e8de78 -> 
  custom:audio-decoder-ogg-vorbis: bf7c407c2cedff20999df2af8eb42d56 -> 
  custom:audio-encoder-webm-vorbis: bf7c407c2cedff20999df2af8eb42d56 -> 
========================================================================
Received Prepare
Registering precompiled user dll's ...
Registered in 0.003521 seconds.
Begin MonoManager ReloadAssembly
Native extension for WindowsStandalone target not found
Native extension for WebGL target not found
Refreshing native plugins compatible for Editor in 0.34 ms, found 2 plugins.
Preloading 0 native plugins for Editor in 0.00 ms.
Mono: successfully reloaded assembly
- Completed reload, in  1.165 seconds
Domain Reload Profiling:
	ReloadAssembly (1165ms)
		BeginReloadAssembly (120ms)
			ExecutionOrderSort (0ms)
			DisableScriptedObjects (5ms)
			BackupInstance (0ms)
			ReleaseScriptingObjects (0ms)
			CreateAndSetChildDomain (35ms)
		EndReloadAssembly (973ms)
			LoadAssemblies (109ms)
			RebuildTransferFunctionScriptingTraits (0ms)
			SetupTypeCache (322ms)
			ReleaseScriptCaches (1ms)
			RebuildScriptCaches (50ms)
			SetupLoadedEditorAssemblies (392ms)
				LogAssemblyErrors (0ms)
				InitializePlatformSupportModulesInManaged (6ms)
				SetLoadedEditorAssemblies (0ms)
				RefreshPlugins (0ms)
				BeforeProcessingInitializeOnLoad (88ms)
				ProcessInitializeOnLoadAttributes (286ms)
				ProcessInitializeOnLoadMethodAttributes (3ms)
				AfterProcessingInitializeOnLoad (7ms)
				EditorAssembliesLoaded (0ms)
			ExecutionOrderSort2 (0ms)
			AwakeInstancesAfterBackupRestoration (7ms)
Platform modules already initialized, skipping
Refreshing native plugins compatible for Editor in 0.41 ms, found 2 plugins.
Preloading 0 native plugins for Editor in 0.00 ms.
Unloading 1467 Unused Serialized files (Serialized files now loaded: 0)
System memory in use before: 72.3 MB.
System memory in use after: 71.8 MB.

Unloading 29 unused Assets to reduce memory usage. Loaded Objects now: 1921.
Total: 3.258500 ms (FindLiveObjects: 0.150700 ms CreateObjectMapping: 0.041900 ms MarkObjects: 2.600200 ms  DeleteObjects: 0.464700 ms)

AssetImportParameters requested are different than current active one (requested -> active):
  custom:framework-win-MediaFoundation: 216162199b28c13a410421893ffa2e32 -> 
  custom:video-decoder-ogg-theora: a1e56fd34408186e4bbccfd4996cb3dc -> 
  custom:container-muxer-webm: aa71ff27fc2769a1b78a27578f13a17b -> 
  custom:container-demuxer-webm: 4f35f7cbe854078d1ac9338744f61a02 -> 
  custom:container-demuxer-ogg: 62fdf1f143b41e24485cea50d1cbac27 -> 
  custom:video-encoder-webm-vp8: eb34c28f22e8b96e1ab97ce403110664 -> 
  custom:video-decoder-webm-vp8: 9c59270c3fd7afecdb556c50c9e8de78 -> 
  custom:audio-decoder-ogg-vorbis: bf7c407c2cedff20999df2af8eb42d56 -> 
  custom:audio-encoder-webm-vorbis: bf7c407c2cedff20999df2af8eb42d56 -> 
========================================================================
Received Import Request.
  Time since last request: 85.582770 seconds.
  path: Assets/Prefab/MainTracker.prefab
  artifactKey: Guid(d42a15ab927b8694ea936784378877df) Importer(815301076,1909f56bfc062723c751e8b465ee728b)
Start importing Assets/Prefab/MainTracker.prefab using Guid(d42a15ab927b8694ea936784378877df) Importer(815301076,1909f56bfc062723c751e8b465ee728b)  -> (artifact id: '525b7129fed8ce5edcd62d54666cb6fc') in 0.147565 seconds 
  Import took 0.153509 seconds .

========================================================================
Received Import Request.
  Time since last request: 5.411904 seconds.
  path: Assets/Prefab/MainTracker.prefab
  artifactKey: Guid(d42a15ab927b8694ea936784378877df) Importer(815301076,1909f56bfc062723c751e8b465ee728b)
Start importing Assets/Prefab/MainTracker.prefab using Guid(d42a15ab927b8694ea936784378877df) Importer(815301076,1909f56bfc062723c751e8b465ee728b)  -> (artifact id: '9b0b3927fa751a79fb51720112ca7e04') in 0.038405 seconds 
  Import took 0.041350 seconds .

========================================================================
Received Import Request.
  Time since last request: 105.901345 seconds.
  path: Assets/Prefab/MainTracker.prefab
  artifactKey: Guid(d42a15ab927b8694ea936784378877df) Importer(815301076,1909f56bfc062723c751e8b465ee728b)
Start importing Assets/Prefab/MainTracker.prefab using Guid(d42a15ab927b8694ea936784378877df) Importer(815301076,1909f56bfc062723c751e8b465ee728b)  -> (artifact id: '7a4c3a47c849d586c64ac849de7126bd') in 0.035385 seconds 
  Import took 0.039623 seconds .

========================================================================
Received Import Request.
  Time since last request: 2.192622 seconds.
  path: Assets/Prefab/MainTracker.prefab
  artifactKey: Guid(d42a15ab927b8694ea936784378877df) Importer(815301076,1909f56bfc062723c751e8b465ee728b)
Start importing Assets/Prefab/MainTracker.prefab using Guid(d42a15ab927b8694ea936784378877df) Importer(815301076,1909f56bfc062723c751e8b465ee728b)  -> (artifact id: '6ed8368ed375f4b83f1b97e5ff3f7112') in 0.045966 seconds 
  Import took 0.048906 seconds .

========================================================================
Received Import Request.
  Time since last request: 10.099459 seconds.
  path: Assets/Prefab/MainTracker.prefab
  artifactKey: Guid(d42a15ab927b8694ea936784378877df) Importer(815301076,1909f56bfc062723c751e8b465ee728b)
Start importing Assets/Prefab/MainTracker.prefab using Guid(d42a15ab927b8694ea936784378877df) Importer(815301076,1909f56bfc062723c751e8b465ee728b)  -> (artifact id: '7221b4afc60bf94c587aa12fa247dd4d') in 0.038905 seconds 
  Import took 0.042078 seconds .

========================================================================
Received Import Request.
  Time since last request: 1.370465 seconds.
  path: Assets/Prefab/MainTracker.prefab
  artifactKey: Guid(d42a15ab927b8694ea936784378877df) Importer(815301076,1909f56bfc062723c751e8b465ee728b)
Start importing Assets/Prefab/MainTracker.prefab using Guid(d42a15ab927b8694ea936784378877df) Importer(815301076,1909f56bfc062723c751e8b465ee728b)  -> (artifact id: '4c3c095053cc9d153ac297895158a8d5') in 0.035207 seconds 
  Import took 0.038228 seconds .

========================================================================
Received Import Request.
  Time since last request: 3.263110 seconds.
  path: Assets/Prefab/MainTracker.prefab
  artifactKey: Guid(d42a15ab927b8694ea936784378877df) Importer(815301076,1909f56bfc062723c751e8b465ee728b)
Start importing Assets/Prefab/MainTracker.prefab using Guid(d42a15ab927b8694ea936784378877df) Importer(815301076,1909f56bfc062723c751e8b465ee728b)  -> (artifact id: '6577aeabd4b8e8d6bc09b93989c5c00d') in 0.038452 seconds 
  Import took 0.041535 seconds .

========================================================================
Received Import Request.
  Time since last request: 0.951656 seconds.
  path: Assets/Prefab/MainTracker.prefab
  artifactKey: Guid(d42a15ab927b8694ea936784378877df) Importer(815301076,1909f56bfc062723c751e8b465ee728b)
Start importing Assets/Prefab/MainTracker.prefab using Guid(d42a15ab927b8694ea936784378877df) Importer(815301076,1909f56bfc062723c751e8b465ee728b)  -> (artifact id: '99d47177e2cbb517a152c54a67197837') in 0.037121 seconds 
  Import took 0.040174 seconds .

========================================================================
Received Prepare
Registering precompiled user dll's ...
Registered in 0.003375 seconds.
Begin MonoManager ReloadAssembly
Native extension for WindowsStandalone target not found
Native extension for WebGL target not found
Refreshing native plugins compatible for Editor in 0.35 ms, found 2 plugins.
Preloading 0 native plugins for Editor in 0.00 ms.
Mono: successfully reloaded assembly
- Completed reload, in  1.232 seconds
Domain Reload Profiling:
	ReloadAssembly (1232ms)
		BeginReloadAssembly (158ms)
			ExecutionOrderSort (0ms)
			DisableScriptedObjects (5ms)
			BackupInstance (0ms)
			ReleaseScriptingObjects (0ms)
			CreateAndSetChildDomain (61ms)
		EndReloadAssembly (1008ms)
			LoadAssemblies (102ms)
			RebuildTransferFunctionScriptingTraits (0ms)
			SetupTypeCache (327ms)
			ReleaseScriptCaches (2ms)
			RebuildScriptCaches (53ms)
			SetupLoadedEditorAssemblies (406ms)
				LogAssemblyErrors (0ms)
				InitializePlatformSupportModulesInManaged (8ms)
				SetLoadedEditorAssemblies (0ms)
				RefreshPlugins (0ms)
				BeforeProcessingInitializeOnLoad (92ms)
				ProcessInitializeOnLoadAttributes (294ms)
				ProcessInitializeOnLoadMethodAttributes (4ms)
				AfterProcessingInitializeOnLoad (8ms)
				EditorAssembliesLoaded (0ms)
			ExecutionOrderSort2 (0ms)
			AwakeInstancesAfterBackupRestoration (8ms)
Platform modules already initialized, skipping
Refreshing native plugins compatible for Editor in 0.35 ms, found 2 plugins.
Preloading 0 native plugins for Editor in 0.00 ms.
Unloading 1467 Unused Serialized files (Serialized files now loaded: 0)
System memory in use before: 72.4 MB.
System memory in use after: 71.8 MB.

Unloading 31 unused Assets to reduce memory usage. Loaded Objects now: 1925.
Total: 2.953400 ms (FindLiveObjects: 0.206200 ms CreateObjectMapping: 0.046100 ms MarkObjects: 2.314500 ms  DeleteObjects: 0.385700 ms)

AssetImportParameters requested are different than current active one (requested -> active):
  custom:framework-win-MediaFoundation: 216162199b28c13a410421893ffa2e32 -> 
  custom:video-decoder-ogg-theora: a1e56fd34408186e4bbccfd4996cb3dc -> 
  custom:container-muxer-webm: aa71ff27fc2769a1b78a27578f13a17b -> 
  custom:container-demuxer-webm: 4f35f7cbe854078d1ac9338744f61a02 -> 
  custom:container-demuxer-ogg: 62fdf1f143b41e24485cea50d1cbac27 -> 
  custom:video-encoder-webm-vp8: eb34c28f22e8b96e1ab97ce403110664 -> 
  custom:video-decoder-webm-vp8: 9c59270c3fd7afecdb556c50c9e8de78 -> 
  custom:audio-decoder-ogg-vorbis: bf7c407c2cedff20999df2af8eb42d56 -> 
  custom:audio-encoder-webm-vorbis: bf7c407c2cedff20999df2af8eb42d56 -> 
========================================================================
Received Import Request.
  Time since last request: 40.259273 seconds.
  path: Assets/Prefab/MainTracker.prefab
  artifactKey: Guid(d42a15ab927b8694ea936784378877df) Importer(815301076,1909f56bfc062723c751e8b465ee728b)
Start importing Assets/Prefab/MainTracker.prefab using Guid(d42a15ab927b8694ea936784378877df) Importer(815301076,1909f56bfc062723c751e8b465ee728b)  -> (artifact id: '739504ec8d899b115511512641ec51e2') in 0.052161 seconds 
  Import took 0.054803 seconds .

========================================================================
Received Import Request.
  Time since last request: 21.983890 seconds.
  path: Assets/Prefab/MainTracker.prefab
  artifactKey: Guid(d42a15ab927b8694ea936784378877df) Importer(815301076,1909f56bfc062723c751e8b465ee728b)
Start importing Assets/Prefab/MainTracker.prefab using Guid(d42a15ab927b8694ea936784378877df) Importer(815301076,1909f56bfc062723c751e8b465ee728b)  -> (artifact id: 'ecdcfe870fb85778301b1ea01444ef53') in 0.011177 seconds 
  Import took 0.014375 seconds .

========================================================================
Received Prepare
Registering precompiled user dll's ...
Registered in 0.003257 seconds.
Begin MonoManager ReloadAssembly
Native extension for WindowsStandalone target not found
Native extension for WebGL target not found
Refreshing native plugins compatible for Editor in 0.35 ms, found 2 plugins.
Preloading 0 native plugins for Editor in 0.00 ms.
Mono: successfully reloaded assembly
- Completed reload, in  1.086 seconds
Domain Reload Profiling:
	ReloadAssembly (1086ms)
		BeginReloadAssembly (124ms)
			ExecutionOrderSort (0ms)
			DisableScriptedObjects (4ms)
			BackupInstance (0ms)
			ReleaseScriptingObjects (0ms)
			CreateAndSetChildDomain (47ms)
		EndReloadAssembly (896ms)
			LoadAssemblies (89ms)
			RebuildTransferFunctionScriptingTraits (0ms)
			SetupTypeCache (280ms)
			ReleaseScriptCaches (1ms)
			RebuildScriptCaches (44ms)
			SetupLoadedEditorAssemblies (386ms)
				LogAssemblyErrors (0ms)
				InitializePlatformSupportModulesInManaged (7ms)
				SetLoadedEditorAssemblies (1ms)
				RefreshPlugins (0ms)
				BeforeProcessingInitializeOnLoad (85ms)
				ProcessInitializeOnLoadAttributes (282ms)
				ProcessInitializeOnLoadMethodAttributes (4ms)
				AfterProcessingInitializeOnLoad (8ms)
				EditorAssembliesLoaded (0ms)
			ExecutionOrderSort2 (0ms)
			AwakeInstancesAfterBackupRestoration (7ms)
Platform modules already initialized, skipping
Refreshing native plugins compatible for Editor in 0.36 ms, found 2 plugins.
Preloading 0 native plugins for Editor in 0.00 ms.
Unloading 1467 Unused Serialized files (Serialized files now loaded: 0)
System memory in use before: 72.4 MB.
System memory in use after: 71.8 MB.

Unloading 30 unused Assets to reduce memory usage. Loaded Objects now: 1930.
Total: 3.307700 ms (FindLiveObjects: 0.185300 ms CreateObjectMapping: 0.040600 ms MarkObjects: 2.626100 ms  DeleteObjects: 0.454300 ms)

AssetImportParameters requested are different than current active one (requested -> active):
  custom:framework-win-MediaFoundation: 216162199b28c13a410421893ffa2e32 -> 
  custom:video-decoder-ogg-theora: a1e56fd34408186e4bbccfd4996cb3dc -> 
  custom:container-muxer-webm: aa71ff27fc2769a1b78a27578f13a17b -> 
  custom:container-demuxer-webm: 4f35f7cbe854078d1ac9338744f61a02 -> 
  custom:container-demuxer-ogg: 62fdf1f143b41e24485cea50d1cbac27 -> 
  custom:video-encoder-webm-vp8: eb34c28f22e8b96e1ab97ce403110664 -> 
  custom:video-decoder-webm-vp8: 9c59270c3fd7afecdb556c50c9e8de78 -> 
  custom:audio-decoder-ogg-vorbis: bf7c407c2cedff20999df2af8eb42d56 -> 
  custom:audio-encoder-webm-vorbis: bf7c407c2cedff20999df2af8eb42d56 -> 
========================================================================
Received Import Request.
  Time since last request: 142.377379 seconds.
  path: Assets/Prefab/MainTracker.prefab
  artifactKey: Guid(d42a15ab927b8694ea936784378877df) Importer(815301076,1909f56bfc062723c751e8b465ee728b)
Start importing Assets/Prefab/MainTracker.prefab using Guid(d42a15ab927b8694ea936784378877df) Importer(815301076,1909f56bfc062723c751e8b465ee728b)  -> (artifact id: '2a035759ea225d825980b57b4340b655') in 0.053316 seconds 
  Import took 0.056055 seconds .

========================================================================
Received Import Request.
  Time since last request: 22.550218 seconds.
  path: Assets/Prefab/MainTracker.prefab
  artifactKey: Guid(d42a15ab927b8694ea936784378877df) Importer(815301076,1909f56bfc062723c751e8b465ee728b)
Start importing Assets/Prefab/MainTracker.prefab using Guid(d42a15ab927b8694ea936784378877df) Importer(815301076,1909f56bfc062723c751e8b465ee728b)  -> (artifact id: '3fe5b933075f4381d5796a0874ba506f') in 0.012565 seconds 
  Import took 0.016393 seconds .

========================================================================
Received Import Request.
  Time since last request: 4.913791 seconds.
  path: Assets/Prefab/MainTracker.prefab
  artifactKey: Guid(d42a15ab927b8694ea936784378877df) Importer(815301076,1909f56bfc062723c751e8b465ee728b)
Start importing Assets/Prefab/MainTracker.prefab using Guid(d42a15ab927b8694ea936784378877df) Importer(815301076,1909f56bfc062723c751e8b465ee728b)  -> (artifact id: 'f1b95ef993665adfc4fe13b0a42ed001') in 0.010030 seconds 
  Import took 0.013512 seconds .

========================================================================
Received Import Request.
  Time since last request: 2.820766 seconds.
  path: Assets/Prefab/MainTracker.prefab
  artifactKey: Guid(d42a15ab927b8694ea936784378877df) Importer(815301076,1909f56bfc062723c751e8b465ee728b)
Start importing Assets/Prefab/MainTracker.prefab using Guid(d42a15ab927b8694ea936784378877df) Importer(815301076,1909f56bfc062723c751e8b465ee728b)  -> (artifact id: '8ed5d9e5fb59f66ae2e4cc15b7b701e5') in 0.008809 seconds 
  Import took 0.012311 seconds .

========================================================================
Received Import Request.
  Time since last request: 3.420252 seconds.
  path: Assets/Prefab/MainTracker.prefab
  artifactKey: Guid(d42a15ab927b8694ea936784378877df) Importer(815301076,1909f56bfc062723c751e8b465ee728b)
Start importing Assets/Prefab/MainTracker.prefab using Guid(d42a15ab927b8694ea936784378877df) Importer(815301076,1909f56bfc062723c751e8b465ee728b)  -> (artifact id: 'e99d900358b3e2d2762984e6600e0dd2') in 0.011449 seconds 
  Import took 0.014716 seconds .

========================================================================
Received Import Request.
  Time since last request: 2.663851 seconds.
  path: Assets/Prefab/MainTracker.prefab
  artifactKey: Guid(d42a15ab927b8694ea936784378877df) Importer(815301076,1909f56bfc062723c751e8b465ee728b)
Start importing Assets/Prefab/MainTracker.prefab using Guid(d42a15ab927b8694ea936784378877df) Importer(815301076,1909f56bfc062723c751e8b465ee728b)  -> (artifact id: '4ee6b5f4d805d2ad42a0e8d98eb54f6d') in 0.009643 seconds 
  Import took 0.012451 seconds .

========================================================================
Received Import Request.
  Time since last request: 3.270339 seconds.
  path: Assets/Prefab/MainTracker.prefab
  artifactKey: Guid(d42a15ab927b8694ea936784378877df) Importer(815301076,1909f56bfc062723c751e8b465ee728b)
Start importing Assets/Prefab/MainTracker.prefab using Guid(d42a15ab927b8694ea936784378877df) Importer(815301076,1909f56bfc062723c751e8b465ee728b)  -> (artifact id: '32fb9dcac1801c73734f4cb170a97bb8') in 0.014961 seconds 
  Import took 0.019757 seconds .

========================================================================
Received Import Request.
  Time since last request: 18.329992 seconds.
  path: Assets/Prefab/MainTracker.prefab
  artifactKey: Guid(d42a15ab927b8694ea936784378877df) Importer(815301076,1909f56bfc062723c751e8b465ee728b)
Start importing Assets/Prefab/MainTracker.prefab using Guid(d42a15ab927b8694ea936784378877df) Importer(815301076,1909f56bfc062723c751e8b465ee728b)  -> (artifact id: '8cb367d8c5d085348dec7bb0eb90e619') in 0.010166 seconds 
  Import took 0.013621 seconds .

========================================================================
Received Import Request.
  Time since last request: 9.905818 seconds.
  path: Assets/Prefab/MainTracker.prefab
  artifactKey: Guid(d42a15ab927b8694ea936784378877df) Importer(815301076,1909f56bfc062723c751e8b465ee728b)
Start importing Assets/Prefab/MainTracker.prefab using Guid(d42a15ab927b8694ea936784378877df) Importer(815301076,1909f56bfc062723c751e8b465ee728b)  -> (artifact id: '214d105ecf0f214669c9196e8f924069') in 0.010003 seconds 
  Import took 0.015170 seconds .

========================================================================
Received Import Request.
  Time since last request: 10.945265 seconds.
  path: Assets/Prefab/MainTracker.prefab
  artifactKey: Guid(d42a15ab927b8694ea936784378877df) Importer(815301076,1909f56bfc062723c751e8b465ee728b)
Start importing Assets/Prefab/MainTracker.prefab using Guid(d42a15ab927b8694ea936784378877df) Importer(815301076,1909f56bfc062723c751e8b465ee728b)  -> (artifact id: '200658783236d0e7e5105cbc202c6c63') in 0.010359 seconds 
  Import took 0.014654 seconds .

========================================================================
Received Import Request.
  Time since last request: 8.671843 seconds.
  path: Assets/Prefab/MainTracker.prefab
  artifactKey: Guid(d42a15ab927b8694ea936784378877df) Importer(815301076,1909f56bfc062723c751e8b465ee728b)
Start importing Assets/Prefab/MainTracker.prefab using Guid(d42a15ab927b8694ea936784378877df) Importer(815301076,1909f56bfc062723c751e8b465ee728b)  -> (artifact id: 'f83dbc994e897c77c578373445252817') in 0.007388 seconds 
  Import took 0.010255 seconds .

========================================================================
Received Import Request.
  Time since last request: 2.261843 seconds.
  path: Assets/Prefab/MainTracker.prefab
  artifactKey: Guid(d42a15ab927b8694ea936784378877df) Importer(815301076,1909f56bfc062723c751e8b465ee728b)
Start importing Assets/Prefab/MainTracker.prefab using Guid(d42a15ab927b8694ea936784378877df) Importer(815301076,1909f56bfc062723c751e8b465ee728b)  -> (artifact id: '67b575ec612f65a346bca2458cbe2d43') in 0.007936 seconds 
  Import took 0.010944 seconds .

========================================================================
Received Import Request.
  Time since last request: 1.640118 seconds.
  path: Assets/Prefab/MainTracker.prefab
  artifactKey: Guid(d42a15ab927b8694ea936784378877df) Importer(815301076,1909f56bfc062723c751e8b465ee728b)
Start importing Assets/Prefab/MainTracker.prefab using Guid(d42a15ab927b8694ea936784378877df) Importer(815301076,1909f56bfc062723c751e8b465ee728b)  -> (artifact id: '9c61533c76ff9e148ba8984158d8f9a2') in 0.009484 seconds 
  Import took 0.014521 seconds .

========================================================================
Received Prepare
Registering precompiled user dll's ...
Registered in 0.004643 seconds.
Begin MonoManager ReloadAssembly
Native extension for WindowsStandalone target not found
Native extension for WebGL target not found
Refreshing native plugins compatible for Editor in 0.56 ms, found 2 plugins.
Preloading 0 native plugins for Editor in 0.00 ms.
Mono: successfully reloaded assembly
- Completed reload, in  1.391 seconds
Domain Reload Profiling:
	ReloadAssembly (1392ms)
		BeginReloadAssembly (132ms)
			ExecutionOrderSort (0ms)
			DisableScriptedObjects (4ms)
			BackupInstance (0ms)
			ReleaseScriptingObjects (0ms)
			CreateAndSetChildDomain (36ms)
		EndReloadAssembly (1175ms)
			LoadAssemblies (108ms)
			RebuildTransferFunctionScriptingTraits (0ms)
			SetupTypeCache (377ms)
			ReleaseScriptCaches (2ms)
			RebuildScriptCaches (58ms)
			SetupLoadedEditorAssemblies (497ms)
				LogAssemblyErrors (0ms)
				InitializePlatformSupportModulesInManaged (8ms)
				SetLoadedEditorAssemblies (0ms)
				RefreshPlugins (1ms)
				BeforeProcessingInitializeOnLoad (112ms)
				ProcessInitializeOnLoadAttributes (360ms)
				ProcessInitializeOnLoadMethodAttributes (4ms)
				AfterProcessingInitializeOnLoad (12ms)
				EditorAssembliesLoaded (0ms)
			ExecutionOrderSort2 (0ms)
			AwakeInstancesAfterBackupRestoration (8ms)
Platform modules already initialized, skipping
Refreshing native plugins compatible for Editor in 0.37 ms, found 2 plugins.
Preloading 0 native plugins for Editor in 0.00 ms.
Unloading 1467 Unused Serialized files (Serialized files now loaded: 0)
System memory in use before: 72.4 MB.
System memory in use after: 71.9 MB.

Unloading 30 unused Assets to reduce memory usage. Loaded Objects now: 1934.
Total: 2.974600 ms (FindLiveObjects: 0.164600 ms CreateObjectMapping: 0.054200 ms MarkObjects: 2.217800 ms  DeleteObjects: 0.536200 ms)

AssetImportParameters requested are different than current active one (requested -> active):
  custom:framework-win-MediaFoundation: 216162199b28c13a410421893ffa2e32 -> 
  custom:video-decoder-ogg-theora: a1e56fd34408186e4bbccfd4996cb3dc -> 
  custom:container-muxer-webm: aa71ff27fc2769a1b78a27578f13a17b -> 
  custom:container-demuxer-webm: 4f35f7cbe854078d1ac9338744f61a02 -> 
  custom:container-demuxer-ogg: 62fdf1f143b41e24485cea50d1cbac27 -> 
  custom:video-encoder-webm-vp8: eb34c28f22e8b96e1ab97ce403110664 -> 
  custom:video-decoder-webm-vp8: 9c59270c3fd7afecdb556c50c9e8de78 -> 
  custom:audio-decoder-ogg-vorbis: bf7c407c2cedff20999df2af8eb42d56 -> 
  custom:audio-encoder-webm-vorbis: bf7c407c2cedff20999df2af8eb42d56 -> 
========================================================================
Received Prepare
Registering precompiled user dll's ...
Registered in 0.003586 seconds.
Begin MonoManager ReloadAssembly
Native extension for WindowsStandalone target not found
Native extension for WebGL target not found
Refreshing native plugins compatible for Editor in 0.34 ms, found 2 plugins.
Preloading 0 native plugins for Editor in 0.00 ms.
Mono: successfully reloaded assembly
- Completed reload, in  1.160 seconds
Domain Reload Profiling:
	ReloadAssembly (1160ms)
		BeginReloadAssembly (131ms)
			ExecutionOrderSort (0ms)
			DisableScriptedObjects (4ms)
			BackupInstance (0ms)
			ReleaseScriptingObjects (0ms)
			CreateAndSetChildDomain (38ms)
		EndReloadAssembly (960ms)
			LoadAssemblies (104ms)
			RebuildTransferFunctionScriptingTraits (0ms)
			SetupTypeCache (298ms)
			ReleaseScriptCaches (1ms)
			RebuildScriptCaches (49ms)
			SetupLoadedEditorAssemblies (417ms)
				LogAssemblyErrors (0ms)
				InitializePlatformSupportModulesInManaged (7ms)
				SetLoadedEditorAssemblies (1ms)
				RefreshPlugins (0ms)
				BeforeProcessingInitializeOnLoad (101ms)
				ProcessInitializeOnLoadAttributes (297ms)
				ProcessInitializeOnLoadMethodAttributes (3ms)
				AfterProcessingInitializeOnLoad (7ms)
				EditorAssembliesLoaded (0ms)
			ExecutionOrderSort2 (0ms)
			AwakeInstancesAfterBackupRestoration (7ms)
Platform modules already initialized, skipping
Refreshing native plugins compatible for Editor in 0.49 ms, found 2 plugins.
Preloading 0 native plugins for Editor in 0.00 ms.
Unloading 1467 Unused Serialized files (Serialized files now loaded: 0)
System memory in use before: 72.4 MB.
System memory in use after: 71.9 MB.

Unloading 29 unused Assets to reduce memory usage. Loaded Objects now: 1937.
Total: 3.385900 ms (FindLiveObjects: 0.179900 ms CreateObjectMapping: 0.076200 ms MarkObjects: 2.676000 ms  DeleteObjects: 0.452500 ms)

AssetImportParameters requested are different than current active one (requested -> active):
  custom:framework-win-MediaFoundation: 216162199b28c13a410421893ffa2e32 -> 
  custom:video-decoder-ogg-theora: a1e56fd34408186e4bbccfd4996cb3dc -> 
  custom:container-muxer-webm: aa71ff27fc2769a1b78a27578f13a17b -> 
  custom:container-demuxer-webm: 4f35f7cbe854078d1ac9338744f61a02 -> 
  custom:container-demuxer-ogg: 62fdf1f143b41e24485cea50d1cbac27 -> 
  custom:video-encoder-webm-vp8: eb34c28f22e8b96e1ab97ce403110664 -> 
  custom:video-decoder-webm-vp8: 9c59270c3fd7afecdb556c50c9e8de78 -> 
  custom:audio-decoder-ogg-vorbis: bf7c407c2cedff20999df2af8eb42d56 -> 
  custom:audio-encoder-webm-vorbis: bf7c407c2cedff20999df2af8eb42d56 -> 
========================================================================
Received Prepare
Refreshing native plugins compatible for Editor in 2.96 ms, found 2 plugins.
Preloading 0 native plugins for Editor in 0.00 ms.
Unloading 28 Unused Serialized files (Serialized files now loaded: 0)
System memory in use before: 43.9 MB.
System memory in use after: 43.4 MB.

Unloading 27 unused Assets to reduce memory usage. Loaded Objects now: 1937.
Total: 3.063300 ms (FindLiveObjects: 0.147900 ms CreateObjectMapping: 0.044700 ms MarkObjects: 2.493100 ms  DeleteObjects: 0.376600 ms)

AssetImportParameters requested are different than current active one (requested -> active):
  custom:framework-win-MediaFoundation: 216162199b28c13a410421893ffa2e32 -> 
  custom:video-decoder-ogg-theora: a1e56fd34408186e4bbccfd4996cb3dc -> 
  custom:container-muxer-webm: aa71ff27fc2769a1b78a27578f13a17b -> 
  custom:container-demuxer-webm: 4f35f7cbe854078d1ac9338744f61a02 -> 
  custom:container-demuxer-ogg: 62fdf1f143b41e24485cea50d1cbac27 -> 
  custom:video-encoder-webm-vp8: eb34c28f22e8b96e1ab97ce403110664 -> 
  custom:video-decoder-webm-vp8: 9c59270c3fd7afecdb556c50c9e8de78 -> 
  custom:audio-decoder-ogg-vorbis: bf7c407c2cedff20999df2af8eb42d56 -> 
  custom:audio-encoder-webm-vorbis: bf7c407c2cedff20999df2af8eb42d56 -> 
========================================================================
Received Prepare
Refreshing native plugins compatible for Editor in 2.79 ms, found 2 plugins.
Preloading 0 native plugins for Editor in 0.00 ms.
Unloading 28 Unused Serialized files (Serialized files now loaded: 0)
System memory in use before: 43.9 MB.
System memory in use after: 43.4 MB.

Unloading 27 unused Assets to reduce memory usage. Loaded Objects now: 1937.
Total: 4.045700 ms (FindLiveObjects: 0.182300 ms CreateObjectMapping: 0.055700 ms MarkObjects: 3.439800 ms  DeleteObjects: 0.366100 ms)

AssetImportParameters requested are different than current active one (requested -> active):
  custom:framework-win-MediaFoundation: 216162199b28c13a410421893ffa2e32 -> 
  custom:video-decoder-ogg-theora: a1e56fd34408186e4bbccfd4996cb3dc -> 
  custom:container-muxer-webm: aa71ff27fc2769a1b78a27578f13a17b -> 
  custom:container-demuxer-webm: 4f35f7cbe854078d1ac9338744f61a02 -> 
  custom:container-demuxer-ogg: 62fdf1f143b41e24485cea50d1cbac27 -> 
  custom:video-encoder-webm-vp8: eb34c28f22e8b96e1ab97ce403110664 -> 
  custom:video-decoder-webm-vp8: 9c59270c3fd7afecdb556c50c9e8de78 -> 
  custom:audio-decoder-ogg-vorbis: bf7c407c2cedff20999df2af8eb42d56 -> 
  custom:audio-encoder-webm-vorbis: bf7c407c2cedff20999df2af8eb42d56 -> 
AssetImportWorkerClient::OnTransportError - code=2 error=End of file
